Exporter version: 2.93.4, Blender version: 3.0.0 Beta
========= Conversion from Blender to Babylon.js =========
	Scene settings used :
		Inline textures     :  false
		Material Type       :  PBR
		Positions Precision :  4
		Normals Precision   :  3
		UVs Precision       :  3
		Vert Color Precision:  3
		Mat Weight Precision:  2
		Keep Z-up r-handed  :  no
		Texture directory   :  G:\babylon assets\
	Python World class constructor completed
	WARNING: No active camera has been assigned, or is not in a currently enabled collection
	processing begun of mesh:  Cube.011
		processing begun of material:  Material.003
		processing begun of material:  Material.006
		processing begun of material:  Material.001
		processing begun of material:  Material.008
		processing begun of material:  Material.005
		processing begun of multimaterial:  building1.Multimaterial#0
		num positions      :  3242
		num normals        :  3242
		num tangents       :  0
		num uvs            :  6484
		num uvs2           :  0
		num colors         :  0
		num triangles      :  1568
		WARNING: # of 0 area faces found:  214
	processing begun of mesh:  Cube.001
		processing begun of material:  Material.004
		num positions      :  3089
		num normals        :  3089
		num tangents       :  0
		num uvs            :  6178
		num uvs2           :  0
		num colors         :  0
		num triangles      :  1568
		WARNING: # of 0 area faces found:  214
========= Writing of JSON file started =========
	writing mesh:  Cube.011
	writing mesh:  Cube.001
========= Writing of JSON file completed =========
========= end of processing =========
elapsed time:  0 min, 0.368 secs
